Using pre-set license
Built from '2021.1/staging' branch; Version is '2021.1.7f1 (d91830b65d9b) revision 14227504'; Using compiler version '192528614'; Build Type 'Release'
OS: 'Windows 10 Home; OS build 19042.928; Version 2009; 64bit' Language: 'de' Physical Memory: 8151 MB
BatchMode: 1, IsHumanControllingUs: 0, StartBugReporterOnCrash: 0, Is64bit: 1, IsPro: 0

 COMMAND LINE ARGUMENTS:
D:\Verschiedenes\Microsoft VS Code\2021.1.7f1\Editor\Unity.exe
-adb2
-batchMode
-noUpm
-name
AssetImportWorker0
-projectPath
C:/Users/marcu/Desktop/spieleprogrammierung-ss2021/Game
-logFile
Logs/AssetImportWorker0.log
-srvPort
56768
Successfully changed project path to: C:/Users/marcu/Desktop/spieleprogrammierung-ss2021/Game
C:/Users/marcu/Desktop/spieleprogrammierung-ss2021/Game
Using Asset Import Pipeline V2.
Refreshing native plugins compatible for Editor in 99.77 ms, found 2 plugins.
Preloading 0 native plugins for Editor in 0.00 ms.
Initialize engine version: 2021.1.7f1 (d91830b65d9b)
[Subsystems] Discovering subsystems at path D:/Verschiedenes/Microsoft VS Code/2021.1.7f1/Editor/Data/Resources/UnitySubsystems
[Subsystems] Discovering subsystems at path C:/Users/marcu/Desktop/spieleprogrammierung-ss2021/Game/Assets
GfxDevice: creating device client; threaded=0; jobified=0
Direct3D:
    Version:  Direct3D 11.0 [level 11.1]
    Renderer: NVIDIA GeForce GTX 1070 (ID=0x1b81)
    Vendor:   NVIDIA
    VRAM:     8088 MB
    Driver:   27.21.14.5671
Initialize mono
Mono path[0] = 'D:/Verschiedenes/Microsoft VS Code/2021.1.7f1/Editor/Data/Managed'
Mono path[1] = 'D:/Verschiedenes/Microsoft VS Code/2021.1.7f1/Editor/Data/MonoBleedingEdge/lib/mono/unityjit'
Mono config path = 'D:/Verschiedenes/Microsoft VS Code/2021.1.7f1/Editor/Data/MonoBleedingEdge/etc'
Using monoOptions --debugger-agent=transport=dt_socket,embedding=1,server=y,suspend=n,address=127.0.0.1:56792
Begin MonoManager ReloadAssembly
Registering precompiled unity dll's ...
Register platform support module: D:/Verschiedenes/Microsoft VS Code/2021.1.7f1/Editor/Data/PlaybackEngines/WindowsStandaloneSupport/UnityEditor.WindowsStandalone.Extensions.dll
Registered in 0.001061 seconds.
Native extension for WindowsStandalone target not found
Refreshing native plugins compatible for Editor in 114.81 ms, found 2 plugins.
Preloading 0 native plugins for Editor in 0.00 ms.
Mono: successfully reloaded assembly
- Completed reload, in  1.122 seconds
Platform modules already initialized, skipping
Registering precompiled user dll's ...
Registered in 0.003869 seconds.
Begin MonoManager ReloadAssembly
Symbol file LoadedFromMemory doesn't match image C:\Users\marcu\Desktop\spieleprogrammierung-ss2021\Game\Library\PackageCache\com.unity.visualscripting@1.6.1\Editor\VisualScripting.Core\Dependencies\YamlDotNet\Unity.VisualScripting.YamlDotNet.dll
Symbol file LoadedFromMemory doesn't match image C:\Users\marcu\Desktop\spieleprogrammierung-ss2021\Game\Library\PackageCache\com.unity.visualscripting@1.6.1\Editor\VisualScripting.Core\Dependencies\DotNetZip\Unity.VisualScripting.IonicZip.dll
Native extension for WindowsStandalone target not found
Refreshing native plugins compatible for Editor in 111.75 ms, found 2 plugins.
Preloading 0 native plugins for Editor in 0.00 ms.
Mono: successfully reloaded assembly
- Completed reload, in  1.259 seconds
Platform modules already initialized, skipping
========================================================================
Worker process is ready to serve import requests
Launched and connected shader compiler UnityShaderCompiler.exe after 0.08 seconds
Refreshing native plugins compatible for Editor in 0.61 ms, found 2 plugins.
Preloading 0 native plugins for Editor in 0.00 ms.
Unloading 3371 Unused Serialized files (Serialized files now loaded: 0)
System memory in use before: 128.0 MB.
System memory in use after: 128.0 MB.

Unloading 28 unused Assets to reduce memory usage. Loaded Objects now: 3824.
Total: 2.870100 ms (FindLiveObjects: 0.331100 ms CreateObjectMapping: 0.228700 ms MarkObjects: 2.161700 ms  DeleteObjects: 0.147700 ms)

========================================================================
Received Import Request.
  path: Packages/com.unity.2d.tilemap/Tests
  artifactKey: Guid(2bfef0473016eee4fa9d9bd505a1edd5) Importer(815301076,1909f56bfc062723c751e8b465ee728b)
Start importing Packages/com.unity.2d.tilemap/Tests using Guid(2bfef0473016eee4fa9d9bd505a1edd5) Importer(815301076,1909f56bfc062723c751e8b465ee728b)  -> (artifact id: '6c5d461ee8361db620a6b13db96eec3c') in 0.035591 seconds 
========================================================================
Received Import Request.
  Time since last request: 0.000158 seconds.
  path: Packages/com.unity.2d.tilemap/Tests/Editor/Unity.2D.Tilemap.Package.EditorTests.asmdef
  artifactKey: Guid(8ce1fc14411aade4b81c0e6dd86950be) Importer(815301076,1909f56bfc062723c751e8b465ee728b)
Start importing Packages/com.unity.2d.tilemap/Tests/Editor/Unity.2D.Tilemap.Package.EditorTests.asmdef using Guid(8ce1fc14411aade4b81c0e6dd86950be) Importer(815301076,1909f56bfc062723c751e8b465ee728b)  -> (artifact id: '78213f6618c8e43caf81961ce867c44f') in 0.050973 seconds 
========================================================================
Received Import Request.
  Time since last request: 0.000171 seconds.
  path: Packages/com.unity.2d.tilemap/package.json
  artifactKey: Guid(51797d68d3132bb419217a229e09fc47) Importer(815301076,1909f56bfc062723c751e8b465ee728b)
Start importing Packages/com.unity.2d.tilemap/package.json using Guid(51797d68d3132bb419217a229e09fc47) Importer(815301076,1909f56bfc062723c751e8b465ee728b)  -> (artifact id: '22520fb1654722663eb25abdaed23609') in 0.045249 seconds 
========================================================================
Received Import Request.
  Time since last request: 0.000238 seconds.
  path: Packages/com.unity.2d.tilemap/Tests/Editor
  artifactKey: Guid(62324ebe9a53d9a43b04f4b0e9b961a0) Importer(815301076,1909f56bfc062723c751e8b465ee728b)
Start importing Packages/com.unity.2d.tilemap/Tests/Editor using Guid(62324ebe9a53d9a43b04f4b0e9b961a0) Importer(815301076,1909f56bfc062723c751e8b465ee728b)  -> (artifact id: 'b0dec97b736565130290e99a4015fc5d') in 0.008504 seconds 
========================================================================
Received Import Request.
  Time since last request: 44.275709 seconds.
  path: Assets/Spprites
  artifactKey: Guid(1cc4aad7e5770e7489e3215307d94042) Importer(815301076,1909f56bfc062723c751e8b465ee728b)
Start importing Assets/Spprites using Guid(1cc4aad7e5770e7489e3215307d94042) Importer(815301076,1909f56bfc062723c751e8b465ee728b)  -> (artifact id: '69b485a5c2b3419139797f5dd74027ce') in 0.005960 seconds 
========================================================================
Received Import Request.
  Time since last request: 9.532190 seconds.
  path: Assets/Sprites
  artifactKey: Guid(1cc4aad7e5770e7489e3215307d94042) Importer(815301076,1909f56bfc062723c751e8b465ee728b)
Start importing Assets/Sprites using Guid(1cc4aad7e5770e7489e3215307d94042) Importer(815301076,1909f56bfc062723c751e8b465ee728b)  -> (artifact id: 'f4bb7ac48315760c364a67b690460052') in 0.006180 seconds 
========================================================================
Received Import Request.
  Time since last request: 222.691210 seconds.
  path: Assets/Sprites/sci ball and chain.aseprite
  artifactKey: Guid(addf18d879b082f4e81d9392360ca32e) Importer(815301076,1909f56bfc062723c751e8b465ee728b)
Start importing Assets/Sprites/sci ball and chain.aseprite using Guid(addf18d879b082f4e81d9392360ca32e) Importer(815301076,1909f56bfc062723c751e8b465ee728b)  -> (artifact id: 'fca191ce93b6f3c45e73e4b857221d19') in 0.011030 seconds 
========================================================================
Received Import Request.
  Time since last request: 11.298019 seconds.
  path: Assets/Sprites/attack.png
  artifactKey: Guid(c90cf15b81d8b834e9c69ddad8e6e990) Importer(815301076,1909f56bfc062723c751e8b465ee728b)
Start importing Assets/Sprites/attack.png using Guid(c90cf15b81d8b834e9c69ddad8e6e990) Importer(815301076,1909f56bfc062723c751e8b465ee728b)  -> (artifact id: 'a95717bdee384a983ddee82306c3e608') in 0.172103 seconds 
========================================================================
Received Import Request.
  Time since last request: 0.000286 seconds.
  path: Assets/Sprites/run.png
  artifactKey: Guid(2f2586a04b2dd9847aaa1fa04053905f) Importer(815301076,1909f56bfc062723c751e8b465ee728b)
Start importing Assets/Sprites/run.png using Guid(2f2586a04b2dd9847aaa1fa04053905f) Importer(815301076,1909f56bfc062723c751e8b465ee728b)  -> (artifact id: 'fb0c286927a86d82fd8b950294cf1f20') in 0.014522 seconds 
========================================================================
Received Import Request.
  Time since last request: 0.000249 seconds.
  path: Assets/Sprites/transition to charge.png
  artifactKey: Guid(1bb06cd907a60874aafac29d4ef12a28) Importer(815301076,1909f56bfc062723c751e8b465ee728b)
Start importing Assets/Sprites/transition to charge.png using Guid(1bb06cd907a60874aafac29d4ef12a28) Importer(815301076,1909f56bfc062723c751e8b465ee728b)  -> (artifact id: 'e3d76578cd8ccaa630c6b2f12ac4aa69') in 0.027429 seconds 
========================================================================
Received Import Request.
  Time since last request: 0.000266 seconds.
  path: Assets/Sprites/charge.png
  artifactKey: Guid(d5cc1a5ad78a0e64bb8d284bd74dd220) Importer(815301076,1909f56bfc062723c751e8b465ee728b)
Start importing Assets/Sprites/charge.png using Guid(d5cc1a5ad78a0e64bb8d284bd74dd220) Importer(815301076,1909f56bfc062723c751e8b465ee728b)  -> (artifact id: 'd5a26e5d70cd3156d6c7a6c769d92729') in 0.021019 seconds 
========================================================================
Received Import Request.
  Time since last request: 0.000221 seconds.
  path: Assets/Sprites/hit.png
  artifactKey: Guid(baf1167cbebce3042a750d50da687735) Importer(815301076,1909f56bfc062723c751e8b465ee728b)
Start importing Assets/Sprites/hit.png using Guid(baf1167cbebce3042a750d50da687735) Importer(815301076,1909f56bfc062723c751e8b465ee728b)  -> (artifact id: 'db14ef6da41374ca7c29fdd793c43f34') in 0.022457 seconds 
========================================================================
Received Import Request.
  Time since last request: 0.000145 seconds.
  path: Assets/Sprites/death.png
  artifactKey: Guid(34bcceb50fa7e4f469577ce2e8bd5bbb) Importer(815301076,1909f56bfc062723c751e8b465ee728b)
Start importing Assets/Sprites/death.png using Guid(34bcceb50fa7e4f469577ce2e8bd5bbb) Importer(815301076,1909f56bfc062723c751e8b465ee728b)  -> (artifact id: '2966515ced302f80db3f570975185ef2') in 0.016671 seconds 
========================================================================
Received Import Request.
  Time since last request: 0.000150 seconds.
  path: Assets/Sprites/idle.png
  artifactKey: Guid(149561e98c8d7444dbbfe6bc84ece5c8) Importer(815301076,1909f56bfc062723c751e8b465ee728b)
Start importing Assets/Sprites/idle.png using Guid(149561e98c8d7444dbbfe6bc84ece5c8) Importer(815301076,1909f56bfc062723c751e8b465ee728b)  -> (artifact id: '0889aa5a991dbd20e8fef52f64560519') in 0.019138 seconds 
========================================================================
Received Import Request.
  Time since last request: 2.650220 seconds.
  path: Assets/Sprites/sci ball and chain 1.aseprite
  artifactKey: Guid(b109c7a31d5f9f845a88d03e1ecefd4d) Importer(815301076,1909f56bfc062723c751e8b465ee728b)
Start importing Assets/Sprites/sci ball and chain 1.aseprite using Guid(b109c7a31d5f9f845a88d03e1ecefd4d) Importer(815301076,1909f56bfc062723c751e8b465ee728b)  -> (artifact id: '22ed4362da445a3ddaa82b6767b9bbf9') in 0.007743 seconds 
========================================================================
Received Import Request.
  Time since last request: 288.554962 seconds.
  path: Assets/Sprites/Top down character template by RgsDev
  artifactKey: Guid(a2b53b9b0a7fd6544871df75477325cc) Importer(815301076,1909f56bfc062723c751e8b465ee728b)
Start importing Assets/Sprites/Top down character template by RgsDev using Guid(a2b53b9b0a7fd6544871df75477325cc) Importer(815301076,1909f56bfc062723c751e8b465ee728b)  -> (artifact id: 'ba66438d7d8748621e1725088aa759dc') in 0.009043 seconds 
========================================================================
Received Import Request.
  Time since last request: 2.248001 seconds.
  path: Assets/Sprites/Top down character template by RgsDev/Character with pistol
  artifactKey: Guid(edb4b27a6623c85439bbc0daf7c394ac) Importer(815301076,1909f56bfc062723c751e8b465ee728b)
Start importing Assets/Sprites/Top down character template by RgsDev/Character with pistol using Guid(edb4b27a6623c85439bbc0daf7c394ac) Importer(815301076,1909f56bfc062723c751e8b465ee728b)  -> (artifact id: '8f36bd4c4240dbf71895fb08666474a7') in 0.007980 seconds 
========================================================================
Received Import Request.
  Time since last request: 3.215303 seconds.
  path: Assets/Sprites/Top down character template by RgsDev/Character with pistol/idle
  artifactKey: Guid(58d0ea545b2524549bcb1940ae0620b4) Importer(815301076,1909f56bfc062723c751e8b465ee728b)
Start importing Assets/Sprites/Top down character template by RgsDev/Character with pistol/idle using Guid(58d0ea545b2524549bcb1940ae0620b4) Importer(815301076,1909f56bfc062723c751e8b465ee728b)  -> (artifact id: '34a0087d74371b74ae017e7c0763d750') in 0.007461 seconds 
========================================================================
Received Import Request.
  Time since last request: 0.021000 seconds.
  path: Assets/Sprites/Top down character template by RgsDev/Character with pistol/idle/idle down1.png
  artifactKey: Guid(fea9ae043a579aa47ae204c8f176598a) Importer(815301076,1909f56bfc062723c751e8b465ee728b)
Start importing Assets/Sprites/Top down character template by RgsDev/Character with pistol/idle/idle down1.png using Guid(fea9ae043a579aa47ae204c8f176598a) Importer(815301076,1909f56bfc062723c751e8b465ee728b)  -> (artifact id: 'fe67888ff55803ff1e3a0e09ff4ac666') in 0.017583 seconds 
========================================================================
Received Import Request.
  Time since last request: 0.000265 seconds.
  path: Assets/Sprites/Top down character template by RgsDev/Character with pistol/idle/idle up3.png
  artifactKey: Guid(51372f4489c7d084b9404bb18d52e3c7) Importer(815301076,1909f56bfc062723c751e8b465ee728b)
Start importing Assets/Sprites/Top down character template by RgsDev/Character with pistol/idle/idle up3.png using Guid(51372f4489c7d084b9404bb18d52e3c7) Importer(815301076,1909f56bfc062723c751e8b465ee728b)  -> (artifact id: '46f19a312e86ad253d195cd81bf47a1e') in 0.018227 seconds 
========================================================================
Received Import Request.
  Time since last request: 0.000203 seconds.
  path: Assets/Sprites/Top down character template by RgsDev/Character with pistol/idle/idle down2.png
  artifactKey: Guid(e8c3cfdb5f7754440a3acdc324d4ad36) Importer(815301076,1909f56bfc062723c751e8b465ee728b)
Start importing Assets/Sprites/Top down character template by RgsDev/Character with pistol/idle/idle down2.png using Guid(e8c3cfdb5f7754440a3acdc324d4ad36) Importer(815301076,1909f56bfc062723c751e8b465ee728b)  -> (artifact id: 'c126113cc8ddc4ba8b8e167c3e7f3b13') in 0.019473 seconds 
========================================================================
Received Import Request.
  Time since last request: 0.000163 seconds.
  path: Assets/Sprites/Top down character template by RgsDev/Character with pistol/idle/idle up2.png
  artifactKey: Guid(47c4d783cd1026145a1837cce908fc02) Importer(815301076,1909f56bfc062723c751e8b465ee728b)
Start importing Assets/Sprites/Top down character template by RgsDev/Character with pistol/idle/idle up2.png using Guid(47c4d783cd1026145a1837cce908fc02) Importer(815301076,1909f56bfc062723c751e8b465ee728b)  -> (artifact id: '386022082de14265251edb19a99385cf') in 0.016210 seconds 
========================================================================
Received Import Request.
  Time since last request: 0.000170 seconds.
  path: Assets/Sprites/Top down character template by RgsDev/Character with pistol/idle/idle right2.png
  artifactKey: Guid(b4df2499a74725d46b8dcbed132a5f0c) Importer(815301076,1909f56bfc062723c751e8b465ee728b)
Start importing Assets/Sprites/Top down character template by RgsDev/Character with pistol/idle/idle right2.png using Guid(b4df2499a74725d46b8dcbed132a5f0c) Importer(815301076,1909f56bfc062723c751e8b465ee728b)  -> (artifact id: '3aaca388a6aeb2fe0afaf3560b8185aa') in 0.018587 seconds 
========================================================================
Received Import Request.
  Time since last request: 0.000172 seconds.
  path: Assets/Sprites/Top down character template by RgsDev/Character with pistol/idle/idle up1.png
  artifactKey: Guid(26f2e659844c29c41ab31f10f01a9ad2) Importer(815301076,1909f56bfc062723c751e8b465ee728b)
Start importing Assets/Sprites/Top down character template by RgsDev/Character with pistol/idle/idle up1.png using Guid(26f2e659844c29c41ab31f10f01a9ad2) Importer(815301076,1909f56bfc062723c751e8b465ee728b)  -> (artifact id: '7fa766bded6f6c8008bcd6c9d79f389f') in 0.015953 seconds 
========================================================================
Received Import Request.
  Time since last request: 0.000300 seconds.
  path: Assets/Sprites/Top down character template by RgsDev/Character with pistol/idle/idle left1.png
  artifactKey: Guid(e8e2a8c59997dc5418274d5b7d049d3d) Importer(815301076,1909f56bfc062723c751e8b465ee728b)
Start importing Assets/Sprites/Top down character template by RgsDev/Character with pistol/idle/idle left1.png using Guid(e8e2a8c59997dc5418274d5b7d049d3d) Importer(815301076,1909f56bfc062723c751e8b465ee728b)  -> (artifact id: 'af643f39e3ac71264990ab585c6daafd') in 0.018607 seconds 
========================================================================
Received Import Request.
  Time since last request: 0.000152 seconds.
  path: Assets/Sprites/Top down character template by RgsDev/Character with pistol/idle/idle left2.png
  artifactKey: Guid(6e9a7745f60fb0a498018fe4af390bea) Importer(815301076,1909f56bfc062723c751e8b465ee728b)
Start importing Assets/Sprites/Top down character template by RgsDev/Character with pistol/idle/idle left2.png using Guid(6e9a7745f60fb0a498018fe4af390bea) Importer(815301076,1909f56bfc062723c751e8b465ee728b)  -> (artifact id: '87b488ea8cea781bd37a18ba03248bc0') in 0.016378 seconds 
========================================================================
Received Import Request.
  Time since last request: 0.000138 seconds.
  path: Assets/Sprites/Top down character template by RgsDev/Character with pistol/idle/idle left4.png
  artifactKey: Guid(d70a52ed84e0b924eac14c8a163f7b8d) Importer(815301076,1909f56bfc062723c751e8b465ee728b)
Start importing Assets/Sprites/Top down character template by RgsDev/Character with pistol/idle/idle left4.png using Guid(d70a52ed84e0b924eac14c8a163f7b8d) Importer(815301076,1909f56bfc062723c751e8b465ee728b)  -> (artifact id: '319b042532947e4bb9ea43ae509240c4') in 0.015683 seconds 
========================================================================
Received Import Request.
  Time since last request: 0.000161 seconds.
  path: Assets/Sprites/Top down character template by RgsDev/Character with pistol/idle/idle up4.png
  artifactKey: Guid(20bf6053fd5d7c64cb8d7e81c20b65cc) Importer(815301076,1909f56bfc062723c751e8b465ee728b)
Start importing Assets/Sprites/Top down character template by RgsDev/Character with pistol/idle/idle up4.png using Guid(20bf6053fd5d7c64cb8d7e81c20b65cc) Importer(815301076,1909f56bfc062723c751e8b465ee728b)  -> (artifact id: '3a3cfee3ff24694af04370172d9d3528') in 0.016746 seconds 
========================================================================
Received Import Request.
  Time since last request: 0.000153 seconds.
  path: Assets/Sprites/Top down character template by RgsDev/Character with pistol/idle/idle down3.png
  artifactKey: Guid(e28696fe1a551a14e84ed6744f8e28e3) Importer(815301076,1909f56bfc062723c751e8b465ee728b)
Start importing Assets/Sprites/Top down character template by RgsDev/Character with pistol/idle/idle down3.png using Guid(e28696fe1a551a14e84ed6744f8e28e3) Importer(815301076,1909f56bfc062723c751e8b465ee728b)  -> (artifact id: 'e69a0c23dd98b2504f6024a757f996bf') in 0.017407 seconds 
========================================================================
Received Import Request.
  Time since last request: 0.000148 seconds.
  path: Assets/Sprites/Top down character template by RgsDev/Character with pistol/idle/idle right4.png
  artifactKey: Guid(87511058cc61ec4498f996cb3f01cfa0) Importer(815301076,1909f56bfc062723c751e8b465ee728b)
Start importing Assets/Sprites/Top down character template by RgsDev/Character with pistol/idle/idle right4.png using Guid(87511058cc61ec4498f996cb3f01cfa0) Importer(815301076,1909f56bfc062723c751e8b465ee728b)  -> (artifact id: 'e4b59c43b900eef177b143dffce46bc9') in 0.014564 seconds 
========================================================================
Received Import Request.
  Time since last request: 0.000259 seconds.
  path: Assets/Sprites/Top down character template by RgsDev/Character with pistol/idle/idle right1.png
  artifactKey: Guid(cb10dd403c3a62d41a0edaf1203113f5) Importer(815301076,1909f56bfc062723c751e8b465ee728b)
Start importing Assets/Sprites/Top down character template by RgsDev/Character with pistol/idle/idle right1.png using Guid(cb10dd403c3a62d41a0edaf1203113f5) Importer(815301076,1909f56bfc062723c751e8b465ee728b)  -> (artifact id: 'a567c810a0caca3c65ad90486333b729') in 0.017522 seconds 
========================================================================
Received Import Request.
  Time since last request: 0.000140 seconds.
  path: Assets/Sprites/Top down character template by RgsDev/Character with pistol/idle/idle down4.png
  artifactKey: Guid(fc71c5db747dc98469dd8976b431443d) Importer(815301076,1909f56bfc062723c751e8b465ee728b)
Start importing Assets/Sprites/Top down character template by RgsDev/Character with pistol/idle/idle down4.png using Guid(fc71c5db747dc98469dd8976b431443d) Importer(815301076,1909f56bfc062723c751e8b465ee728b)  -> (artifact id: 'e63763a8371febff6539d8e9d8dc527a') in 0.016986 seconds 
========================================================================
Received Import Request.
  Time since last request: 0.000152 seconds.
  path: Assets/Sprites/Top down character template by RgsDev/Character with pistol/idle/idle left3.png
  artifactKey: Guid(63d868dc0e888bf48955028ee979b1bc) Importer(815301076,1909f56bfc062723c751e8b465ee728b)
Start importing Assets/Sprites/Top down character template by RgsDev/Character with pistol/idle/idle left3.png using Guid(63d868dc0e888bf48955028ee979b1bc) Importer(815301076,1909f56bfc062723c751e8b465ee728b)  -> (artifact id: '050ef0fae8d95fa450fe5810578459a8') in 0.015756 seconds 
========================================================================
Received Import Request.
  Time since last request: 0.000185 seconds.
  path: Assets/Sprites/Top down character template by RgsDev/Character with pistol/idle/idle right3.png
  artifactKey: Guid(ca9dd3c418132344da9b994dfeb0925e) Importer(815301076,1909f56bfc062723c751e8b465ee728b)
Start importing Assets/Sprites/Top down character template by RgsDev/Character with pistol/idle/idle right3.png using Guid(ca9dd3c418132344da9b994dfeb0925e) Importer(815301076,1909f56bfc062723c751e8b465ee728b)  -> (artifact id: 'dc4a51a2c7871808ae73196528769622') in 0.015601 seconds 
========================================================================
Received Import Request.
  Time since last request: 491.461037 seconds.
  path: Assets/Sprites/Top down character template by RgsDev/Character with pistol/idle/idle down1.png
  artifactKey: Guid(fea9ae043a579aa47ae204c8f176598a) Importer(815301076,1909f56bfc062723c751e8b465ee728b)
Start importing Assets/Sprites/Top down character template by RgsDev/Character with pistol/idle/idle down1.png using Guid(fea9ae043a579aa47ae204c8f176598a) Importer(815301076,1909f56bfc062723c751e8b465ee728b)  -> (artifact id: 'c43d04f2c0cf38fbbc657234d45a9952') in 0.027076 seconds 
========================================================================
Received Import Request.
  Time since last request: 259.095011 seconds.
  path: Assets/Sprites/Top down character template by RgsDev/Character with pistol/idle/idle down1.png
  artifactKey: Guid(fea9ae043a579aa47ae204c8f176598a) Importer(815301076,1909f56bfc062723c751e8b465ee728b)
Start importing Assets/Sprites/Top down character template by RgsDev/Character with pistol/idle/idle down1.png using Guid(fea9ae043a579aa47ae204c8f176598a) Importer(815301076,1909f56bfc062723c751e8b465ee728b)  -> (artifact id: 'f7815e6a28ab60f84e4e9fecf073a44c') in 0.019514 seconds 
========================================================================
Received Import Request.
  Time since last request: 875.497231 seconds.
  path: Assets/Sprites/Top down character template by RgsDev/Character with pistol/idle/idle down1.png
  artifactKey: Guid(fea9ae043a579aa47ae204c8f176598a) Importer(815301076,1909f56bfc062723c751e8b465ee728b)
Start importing Assets/Sprites/Top down character template by RgsDev/Character with pistol/idle/idle down1.png using Guid(fea9ae043a579aa47ae204c8f176598a) Importer(815301076,1909f56bfc062723c751e8b465ee728b)  -> (artifact id: '818daff2f96d9b2c764103693363370d') in 0.011439 seconds 
========================================================================
Received Import Request.
  Time since last request: 56.898210 seconds.
  path: Assets/Sprites/Top down character template by RgsDev/Character with pistol/idle/idle down1.png
  artifactKey: Guid(fea9ae043a579aa47ae204c8f176598a) Importer(815301076,1909f56bfc062723c751e8b465ee728b)
Start importing Assets/Sprites/Top down character template by RgsDev/Character with pistol/idle/idle down1.png using Guid(fea9ae043a579aa47ae204c8f176598a) Importer(815301076,1909f56bfc062723c751e8b465ee728b)  -> (artifact id: '142a52ae1a05c1de15bfd79cb367535b') in 0.011275 seconds 
========================================================================
Received Import Request.
  Time since last request: 136.196689 seconds.
  path: Assets/Sprites/Top down character template by RgsDev/Character with pistol/idle/idle down1.png
  artifactKey: Guid(fea9ae043a579aa47ae204c8f176598a) Importer(815301076,1909f56bfc062723c751e8b465ee728b)
Start importing Assets/Sprites/Top down character template by RgsDev/Character with pistol/idle/idle down1.png using Guid(fea9ae043a579aa47ae204c8f176598a) Importer(815301076,1909f56bfc062723c751e8b465ee728b)  -> (artifact id: 'b085a282db2a0eba272d21e618f28d23') in 0.042545 seconds 
========================================================================
Received Import Request.
  Time since last request: 6.332305 seconds.
  path: Assets/Sprites/Top down character template by RgsDev/Character with pistol/idle/idle down1.png
  artifactKey: Guid(fea9ae043a579aa47ae204c8f176598a) Importer(815301076,1909f56bfc062723c751e8b465ee728b)
Start importing Assets/Sprites/Top down character template by RgsDev/Character with pistol/idle/idle down1.png using Guid(fea9ae043a579aa47ae204c8f176598a) Importer(815301076,1909f56bfc062723c751e8b465ee728b)  -> (artifact id: '12b41a461dc7af95ad0d7014076dd45d') in 0.014739 seconds 
========================================================================
Received Prepare
Registering precompiled user dll's ...
Registered in 0.004060 seconds.
Begin MonoManager ReloadAssembly
Symbol file LoadedFromMemory doesn't match image C:\Users\marcu\Desktop\spieleprogrammierung-ss2021\Game\Library\PackageCache\com.unity.visualscripting@1.6.1\Editor\VisualScripting.Core\Dependencies\YamlDotNet\Unity.VisualScripting.YamlDotNet.dll
Symbol file LoadedFromMemory doesn't match image C:\Users\marcu\Desktop\spieleprogrammierung-ss2021\Game\Library\PackageCache\com.unity.visualscripting@1.6.1\Editor\VisualScripting.Core\Dependencies\DotNetZip\Unity.VisualScripting.IonicZip.dll
Native extension for WindowsStandalone target not found
Refreshing native plugins compatible for Editor in 0.67 ms, found 2 plugins.
Preloading 0 native plugins for Editor in 0.00 ms.
Mono: successfully reloaded assembly
- Completed reload, in  1.480 seconds
Platform modules already initialized, skipping
Refreshing native plugins compatible for Editor in 1.25 ms, found 2 plugins.
Preloading 0 native plugins for Editor in 0.00 ms.
Unloading 3383 Unused Serialized files (Serialized files now loaded: 0)
System memory in use before: 143.9 MB.
System memory in use after: 144.0 MB.

Unloading 16 unused Assets to reduce memory usage. Loaded Objects now: 4267.
Total: 2.721000 ms (FindLiveObjects: 0.372200 ms CreateObjectMapping: 0.217300 ms MarkObjects: 2.003300 ms  DeleteObjects: 0.127200 ms)

========================================================================
Received Prepare
Registering precompiled user dll's ...
Registered in 0.002966 seconds.
Begin MonoManager ReloadAssembly
Symbol file LoadedFromMemory doesn't match image C:\Users\marcu\Desktop\spieleprogrammierung-ss2021\Game\Library\PackageCache\com.unity.visualscripting@1.6.1\Editor\VisualScripting.Core\Dependencies\YamlDotNet\Unity.VisualScripting.YamlDotNet.dll
Symbol file LoadedFromMemory doesn't match image C:\Users\marcu\Desktop\spieleprogrammierung-ss2021\Game\Library\PackageCache\com.unity.visualscripting@1.6.1\Editor\VisualScripting.Core\Dependencies\DotNetZip\Unity.VisualScripting.IonicZip.dll
Native extension for WindowsStandalone target not found
Refreshing native plugins compatible for Editor in 0.63 ms, found 2 plugins.
Preloading 0 native plugins for Editor in 0.00 ms.
Mono: successfully reloaded assembly
- Completed reload, in  1.077 seconds
Platform modules already initialized, skipping
Refreshing native plugins compatible for Editor in 0.70 ms, found 2 plugins.
Preloading 0 native plugins for Editor in 0.00 ms.
Unloading 3368 Unused Serialized files (Serialized files now loaded: 0)
System memory in use before: 143.3 MB.
System memory in use after: 143.4 MB.

Unloading 16 unused Assets to reduce memory usage. Loaded Objects now: 4272.
Total: 3.465300 ms (FindLiveObjects: 0.302300 ms CreateObjectMapping: 0.187500 ms MarkObjects: 2.873600 ms  DeleteObjects: 0.100600 ms)

========================================================================
Received Import Request.
  Time since last request: 1262.797148 seconds.
  path: Assets/PlayerController.cs
  artifactKey: Guid(e46344b92af72564da3e4b0bb193fbb5) Importer(815301076,1909f56bfc062723c751e8b465ee728b)
Start importing Assets/PlayerController.cs using Guid(e46344b92af72564da3e4b0bb193fbb5) Importer(815301076,1909f56bfc062723c751e8b465ee728b)  -> (artifact id: 'ed137be9d512855de0d8420336ac4861') in 0.012953 seconds 
========================================================================
Received Prepare
Registering precompiled user dll's ...
Registered in 0.002778 seconds.
Begin MonoManager ReloadAssembly
Symbol file LoadedFromMemory doesn't match image C:\Users\marcu\Desktop\spieleprogrammierung-ss2021\Game\Library\PackageCache\com.unity.visualscripting@1.6.1\Editor\VisualScripting.Core\Dependencies\YamlDotNet\Unity.VisualScripting.YamlDotNet.dll
Symbol file LoadedFromMemory doesn't match image C:\Users\marcu\Desktop\spieleprogrammierung-ss2021\Game\Library\PackageCache\com.unity.visualscripting@1.6.1\Editor\VisualScripting.Core\Dependencies\DotNetZip\Unity.VisualScripting.IonicZip.dll
Native extension for WindowsStandalone target not found
Refreshing native plugins compatible for Editor in 0.84 ms, found 2 plugins.
Preloading 0 native plugins for Editor in 0.00 ms.
Mono: successfully reloaded assembly
- Completed reload, in  1.609 seconds
Platform modules already initialized, skipping
Refreshing native plugins compatible for Editor in 0.70 ms, found 2 plugins.
Preloading 0 native plugins for Editor in 0.00 ms.
Unloading 3367 Unused Serialized files (Serialized files now loaded: 0)
System memory in use before: 143.3 MB.
System memory in use after: 143.4 MB.

Unloading 17 unused Assets to reduce memory usage. Loaded Objects now: 4275.
Total: 3.291000 ms (FindLiveObjects: 0.521300 ms CreateObjectMapping: 0.305900 ms MarkObjects: 2.369600 ms  DeleteObjects: 0.092700 ms)

========================================================================
Received Import Request.
  Time since last request: 15.119413 seconds.
  path: Assets
  artifactKey: Guid(00000000000000001000000000000000) Importer(815301076,1909f56bfc062723c751e8b465ee728b)
Start importing Assets using Guid(00000000000000001000000000000000) Importer(815301076,1909f56bfc062723c751e8b465ee728b)  -> (artifact id: '42d402b061de3733987d63b9cc3b64de') in 0.016489 seconds 
========================================================================
Received Import Request.
  Time since last request: 8.443044 seconds.
  path: Assets/Scripts
  artifactKey: Guid(de847db8901f3f749ab955110237d5ab) Importer(815301076,1909f56bfc062723c751e8b465ee728b)
Start importing Assets/Scripts using Guid(de847db8901f3f749ab955110237d5ab) Importer(815301076,1909f56bfc062723c751e8b465ee728b)  -> (artifact id: '562da9fa02fd76d632e1cbb54964100f') in 0.008002 seconds 
========================================================================
Received Prepare
Registering precompiled user dll's ...
Registered in 0.003218 seconds.
Begin MonoManager ReloadAssembly
Symbol file LoadedFromMemory doesn't match image C:\Users\marcu\Desktop\spieleprogrammierung-ss2021\Game\Library\PackageCache\com.unity.visualscripting@1.6.1\Editor\VisualScripting.Core\Dependencies\YamlDotNet\Unity.VisualScripting.YamlDotNet.dll
Symbol file LoadedFromMemory doesn't match image C:\Users\marcu\Desktop\spieleprogrammierung-ss2021\Game\Library\PackageCache\com.unity.visualscripting@1.6.1\Editor\VisualScripting.Core\Dependencies\DotNetZip\Unity.VisualScripting.IonicZip.dll
Native extension for WindowsStandalone target not found
Refreshing native plugins compatible for Editor in 0.63 ms, found 2 plugins.
Preloading 0 native plugins for Editor in 0.00 ms.
Mono: successfully reloaded assembly
- Completed reload, in  1.089 seconds
Platform modules already initialized, skipping
Refreshing native plugins compatible for Editor in 0.68 ms, found 2 plugins.
Preloading 0 native plugins for Editor in 0.00 ms.
Unloading 3367 Unused Serialized files (Serialized files now loaded: 0)
System memory in use before: 143.3 MB.
System memory in use after: 143.4 MB.

Unloading 16 unused Assets to reduce memory usage. Loaded Objects now: 4279.
Total: 4.394800 ms (FindLiveObjects: 0.298800 ms CreateObjectMapping: 0.190400 ms MarkObjects: 3.805200 ms  DeleteObjects: 0.099200 ms)

========================================================================
Received Prepare
Registering precompiled user dll's ...
Registered in 0.002850 seconds.
Begin MonoManager ReloadAssembly
Symbol file LoadedFromMemory doesn't match image C:\Users\marcu\Desktop\spieleprogrammierung-ss2021\Game\Library\PackageCache\com.unity.visualscripting@1.6.1\Editor\VisualScripting.Core\Dependencies\YamlDotNet\Unity.VisualScripting.YamlDotNet.dll
Symbol file LoadedFromMemory doesn't match image C:\Users\marcu\Desktop\spieleprogrammierung-ss2021\Game\Library\PackageCache\com.unity.visualscripting@1.6.1\Editor\VisualScripting.Core\Dependencies\DotNetZip\Unity.VisualScripting.IonicZip.dll
Native extension for WindowsStandalone target not found
Refreshing native plugins compatible for Editor in 0.63 ms, found 2 plugins.
Preloading 0 native plugins for Editor in 0.00 ms.
Mono: successfully reloaded assembly
- Completed reload, in  1.101 seconds
Platform modules already initialized, skipping
Refreshing native plugins compatible for Editor in 0.64 ms, found 2 plugins.
Preloading 0 native plugins for Editor in 0.00 ms.
Unloading 3368 Unused Serialized files (Serialized files now loaded: 0)
System memory in use before: 143.4 MB.
System memory in use after: 143.5 MB.

Unloading 16 unused Assets to reduce memory usage. Loaded Objects now: 4284.
Total: 3.546500 ms (FindLiveObjects: 0.288500 ms CreateObjectMapping: 0.179500 ms MarkObjects: 2.974400 ms  DeleteObjects: 0.102600 ms)

========================================================================
Received Import Request.
  Time since last request: 45.926824 seconds.
  path: Assets/CharacterController.cs
  artifactKey: Guid(1ee3e4cb0b35db148ad55443de2d2580) Importer(815301076,1909f56bfc062723c751e8b465ee728b)
Start importing Assets/CharacterController.cs using Guid(1ee3e4cb0b35db148ad55443de2d2580) Importer(815301076,1909f56bfc062723c751e8b465ee728b)  -> (artifact id: 'beef134d8ad5b6f506972ae470c3869a') in 0.013359 seconds 
========================================================================
Received Prepare
Registering precompiled user dll's ...
Registered in 0.003482 seconds.
Begin MonoManager ReloadAssembly
Symbol file LoadedFromMemory doesn't match image C:\Users\marcu\Desktop\spieleprogrammierung-ss2021\Game\Library\PackageCache\com.unity.visualscripting@1.6.1\Editor\VisualScripting.Core\Dependencies\YamlDotNet\Unity.VisualScripting.YamlDotNet.dll
Symbol file LoadedFromMemory doesn't match image C:\Users\marcu\Desktop\spieleprogrammierung-ss2021\Game\Library\PackageCache\com.unity.visualscripting@1.6.1\Editor\VisualScripting.Core\Dependencies\DotNetZip\Unity.VisualScripting.IonicZip.dll
Native extension for WindowsStandalone target not found
Refreshing native plugins compatible for Editor in 0.63 ms, found 2 plugins.
Preloading 0 native plugins for Editor in 0.00 ms.
Mono: successfully reloaded assembly
- Completed reload, in  1.096 seconds
Platform modules already initialized, skipping
Refreshing native plugins compatible for Editor in 0.62 ms, found 2 plugins.
Preloading 0 native plugins for Editor in 0.00 ms.
Unloading 3369 Unused Serialized files (Serialized files now loaded: 0)
System memory in use before: 143.4 MB.
System memory in use after: 143.5 MB.

Unloading 16 unused Assets to reduce memory usage. Loaded Objects now: 4289.
Total: 2.513000 ms (FindLiveObjects: 0.289500 ms CreateObjectMapping: 0.181300 ms MarkObjects: 1.953100 ms  DeleteObjects: 0.088200 ms)

========================================================================
Received Prepare
Registering precompiled user dll's ...
Registered in 0.003313 seconds.
Begin MonoManager ReloadAssembly
Symbol file LoadedFromMemory doesn't match image C:\Users\marcu\Desktop\spieleprogrammierung-ss2021\Game\Library\PackageCache\com.unity.visualscripting@1.6.1\Editor\VisualScripting.Core\Dependencies\YamlDotNet\Unity.VisualScripting.YamlDotNet.dll
Symbol file LoadedFromMemory doesn't match image C:\Users\marcu\Desktop\spieleprogrammierung-ss2021\Game\Library\PackageCache\com.unity.visualscripting@1.6.1\Editor\VisualScripting.Core\Dependencies\DotNetZip\Unity.VisualScripting.IonicZip.dll
Native extension for WindowsStandalone target not found
Refreshing native plugins compatible for Editor in 1.21 ms, found 2 plugins.
Preloading 0 native plugins for Editor in 0.00 ms.
Mono: successfully reloaded assembly
- Completed reload, in  1.082 seconds
Platform modules already initialized, skipping
Refreshing native plugins compatible for Editor in 0.93 ms, found 2 plugins.
Preloading 0 native plugins for Editor in 0.00 ms.
Unloading 3370 Unused Serialized files (Serialized files now loaded: 0)
System memory in use before: 143.4 MB.
System memory in use after: 143.5 MB.

Unloading 16 unused Assets to reduce memory usage. Loaded Objects now: 4294.
Total: 2.595700 ms (FindLiveObjects: 0.336800 ms CreateObjectMapping: 0.224700 ms MarkObjects: 1.940300 ms  DeleteObjects: 0.093100 ms)

========================================================================
Received Import Request.
  Time since last request: 54.590230 seconds.
  path: Assets/CharacterMovement.cs
  artifactKey: Guid(1c96e7cd60a3ffe4db205ca1ddbc73d1) Importer(815301076,1909f56bfc062723c751e8b465ee728b)
Start importing Assets/CharacterMovement.cs using Guid(1c96e7cd60a3ffe4db205ca1ddbc73d1) Importer(815301076,1909f56bfc062723c751e8b465ee728b)  -> (artifact id: '24c262af0966d33a748f8f2f188b59b1') in 0.012317 seconds 
========================================================================
Received Prepare
Registering precompiled user dll's ...
Registered in 0.002860 seconds.
Begin MonoManager ReloadAssembly
Symbol file LoadedFromMemory doesn't match image C:\Users\marcu\Desktop\spieleprogrammierung-ss2021\Game\Library\PackageCache\com.unity.visualscripting@1.6.1\Editor\VisualScripting.Core\Dependencies\YamlDotNet\Unity.VisualScripting.YamlDotNet.dll
Symbol file LoadedFromMemory doesn't match image C:\Users\marcu\Desktop\spieleprogrammierung-ss2021\Game\Library\PackageCache\com.unity.visualscripting@1.6.1\Editor\VisualScripting.Core\Dependencies\DotNetZip\Unity.VisualScripting.IonicZip.dll
Native extension for WindowsStandalone target not found
Refreshing native plugins compatible for Editor in 0.64 ms, found 2 plugins.
Preloading 0 native plugins for Editor in 0.00 ms.
Mono: successfully reloaded assembly
- Completed reload, in  1.314 seconds
Platform modules already initialized, skipping
Refreshing native plugins compatible for Editor in 1.50 ms, found 2 plugins.
Preloading 0 native plugins for Editor in 0.00 ms.
Unloading 3370 Unused Serialized files (Serialized files now loaded: 0)
System memory in use before: 143.5 MB.
System memory in use after: 143.6 MB.

Unloading 16 unused Assets to reduce memory usage. Loaded Objects now: 4298.
Total: 2.989000 ms (FindLiveObjects: 0.292400 ms CreateObjectMapping: 0.180200 ms MarkObjects: 2.423100 ms  DeleteObjects: 0.092100 ms)

========================================================================
Received Import Request.
  Time since last request: 13.129988 seconds.
  path: Assets/Scripts/CharacterChecks.cs
  artifactKey: Guid(853767dadc6803e4bb826803a822b833) Importer(815301076,1909f56bfc062723c751e8b465ee728b)
Start importing Assets/Scripts/CharacterChecks.cs using Guid(853767dadc6803e4bb826803a822b833) Importer(815301076,1909f56bfc062723c751e8b465ee728b)  -> (artifact id: '9448fc51f77dcd01a36e0831b1a56010') in 0.011629 seconds 
========================================================================
Received Prepare
Registering precompiled user dll's ...
Registered in 0.003414 seconds.
Begin MonoManager ReloadAssembly
Symbol file LoadedFromMemory doesn't match image C:\Users\marcu\Desktop\spieleprogrammierung-ss2021\Game\Library\PackageCache\com.unity.visualscripting@1.6.1\Editor\VisualScripting.Core\Dependencies\YamlDotNet\Unity.VisualScripting.YamlDotNet.dll
Symbol file LoadedFromMemory doesn't match image C:\Users\marcu\Desktop\spieleprogrammierung-ss2021\Game\Library\PackageCache\com.unity.visualscripting@1.6.1\Editor\VisualScripting.Core\Dependencies\DotNetZip\Unity.VisualScripting.IonicZip.dll
Native extension for WindowsStandalone target not found
Refreshing native plugins compatible for Editor in 0.64 ms, found 2 plugins.
Preloading 0 native plugins for Editor in 0.00 ms.
Mono: successfully reloaded assembly
- Completed reload, in  1.427 seconds
Platform modules already initialized, skipping
Refreshing native plugins compatible for Editor in 0.67 ms, found 2 plugins.
Preloading 0 native plugins for Editor in 0.00 ms.
Unloading 3369 Unused Serialized files (Serialized files now loaded: 0)
System memory in use before: 143.4 MB.
System memory in use after: 143.5 MB.

Unloading 17 unused Assets to reduce memory usage. Loaded Objects now: 4301.
Total: 6.251300 ms (FindLiveObjects: 1.273300 ms CreateObjectMapping: 0.415000 ms MarkObjects: 4.453500 ms  DeleteObjects: 0.107900 ms)

========================================================================
Received Import Request.
  Time since last request: 20.520103 seconds.
  path: Assets/Scripts/Movement.cs
  artifactKey: Guid(1c96e7cd60a3ffe4db205ca1ddbc73d1) Importer(815301076,1909f56bfc062723c751e8b465ee728b)
Start importing Assets/Scripts/Movement.cs using Guid(1c96e7cd60a3ffe4db205ca1ddbc73d1) Importer(815301076,1909f56bfc062723c751e8b465ee728b)  -> (artifact id: '83e5232761199429e63cfa9d13cc0f22') in 0.017059 seconds 
========================================================================
Received Prepare
Registering precompiled user dll's ...
Registered in 0.003278 seconds.
Begin MonoManager ReloadAssembly
Symbol file LoadedFromMemory doesn't match image C:\Users\marcu\Desktop\spieleprogrammierung-ss2021\Game\Library\PackageCache\com.unity.visualscripting@1.6.1\Editor\VisualScripting.Core\Dependencies\YamlDotNet\Unity.VisualScripting.YamlDotNet.dll
Symbol file LoadedFromMemory doesn't match image C:\Users\marcu\Desktop\spieleprogrammierung-ss2021\Game\Library\PackageCache\com.unity.visualscripting@1.6.1\Editor\VisualScripting.Core\Dependencies\DotNetZip\Unity.VisualScripting.IonicZip.dll
Native extension for WindowsStandalone target not found
Refreshing native plugins compatible for Editor in 0.72 ms, found 2 plugins.
Preloading 0 native plugins for Editor in 0.00 ms.
Mono: successfully reloaded assembly
- Completed reload, in  1.262 seconds
Platform modules already initialized, skipping
Refreshing native plugins compatible for Editor in 0.66 ms, found 2 plugins.
Preloading 0 native plugins for Editor in 0.00 ms.
Unloading 3369 Unused Serialized files (Serialized files now loaded: 0)
System memory in use before: 143.4 MB.
System memory in use after: 143.6 MB.

Unloading 16 unused Assets to reduce memory usage. Loaded Objects now: 4305.
Total: 3.123600 ms (FindLiveObjects: 0.314500 ms CreateObjectMapping: 0.179700 ms MarkObjects: 2.529800 ms  DeleteObjects: 0.098500 ms)

========================================================================
Received Import Request.
  Time since last request: 10.561102 seconds.
  path: Assets/Scripts/Checks.cs
  artifactKey: Guid(853767dadc6803e4bb826803a822b833) Importer(815301076,1909f56bfc062723c751e8b465ee728b)
Start importing Assets/Scripts/Checks.cs using Guid(853767dadc6803e4bb826803a822b833) Importer(815301076,1909f56bfc062723c751e8b465ee728b)  -> (artifact id: '07a5467fed02ae280bb70fab1708b69b') in 0.028631 seconds 
========================================================================
Received Prepare
Registering precompiled user dll's ...
Registered in 0.004152 seconds.
Begin MonoManager ReloadAssembly
Symbol file LoadedFromMemory doesn't match image C:\Users\marcu\Desktop\spieleprogrammierung-ss2021\Game\Library\PackageCache\com.unity.visualscripting@1.6.1\Editor\VisualScripting.Core\Dependencies\YamlDotNet\Unity.VisualScripting.YamlDotNet.dll
Symbol file LoadedFromMemory doesn't match image C:\Users\marcu\Desktop\spieleprogrammierung-ss2021\Game\Library\PackageCache\com.unity.visualscripting@1.6.1\Editor\VisualScripting.Core\Dependencies\DotNetZip\Unity.VisualScripting.IonicZip.dll
Native extension for WindowsStandalone target not found
Refreshing native plugins compatible for Editor in 0.93 ms, found 2 plugins.
Preloading 0 native plugins for Editor in 0.00 ms.
Mono: successfully reloaded assembly
- Completed reload, in  1.159 seconds
Platform modules already initialized, skipping
Refreshing native plugins compatible for Editor in 0.64 ms, found 2 plugins.
Preloading 0 native plugins for Editor in 0.00 ms.
Unloading 3369 Unused Serialized files (Serialized files now loaded: 0)
System memory in use before: 143.5 MB.
System memory in use after: 143.6 MB.

Unloading 16 unused Assets to reduce memory usage. Loaded Objects now: 4309.
Total: 3.230300 ms (FindLiveObjects: 0.287600 ms CreateObjectMapping: 0.171600 ms MarkObjects: 2.649400 ms  DeleteObjects: 0.120400 ms)

========================================================================
Received Prepare
Registering precompiled user dll's ...
Registered in 0.002651 seconds.
Begin MonoManager ReloadAssembly
Symbol file LoadedFromMemory doesn't match image C:\Users\marcu\Desktop\spieleprogrammierung-ss2021\Game\Library\PackageCache\com.unity.visualscripting@1.6.1\Editor\VisualScripting.Core\Dependencies\YamlDotNet\Unity.VisualScripting.YamlDotNet.dll
Symbol file LoadedFromMemory doesn't match image C:\Users\marcu\Desktop\spieleprogrammierung-ss2021\Game\Library\PackageCache\com.unity.visualscripting@1.6.1\Editor\VisualScripting.Core\Dependencies\DotNetZip\Unity.VisualScripting.IonicZip.dll
Native extension for WindowsStandalone target not found
Refreshing native plugins compatible for Editor in 0.69 ms, found 2 plugins.
Preloading 0 native plugins for Editor in 0.00 ms.
Mono: successfully reloaded assembly
- Completed reload, in  1.394 seconds
Platform modules already initialized, skipping
Refreshing native plugins compatible for Editor in 0.73 ms, found 2 plugins.
Preloading 0 native plugins for Editor in 0.00 ms.
Unloading 3368 Unused Serialized files (Serialized files now loaded: 0)
System memory in use before: 143.5 MB.
System memory in use after: 143.6 MB.

Unloading 17 unused Assets to reduce memory usage. Loaded Objects now: 4312.
Total: 3.225900 ms (FindLiveObjects: 0.304700 ms CreateObjectMapping: 0.177700 ms MarkObjects: 2.642600 ms  DeleteObjects: 0.099800 ms)

========================================================================
Received Prepare
Registering precompiled user dll's ...
Registered in 0.002780 seconds.
Begin MonoManager ReloadAssembly
Symbol file LoadedFromMemory doesn't match image C:\Users\marcu\Desktop\spieleprogrammierung-ss2021\Game\Library\PackageCache\com.unity.visualscripting@1.6.1\Editor\VisualScripting.Core\Dependencies\YamlDotNet\Unity.VisualScripting.YamlDotNet.dll
Symbol file LoadedFromMemory doesn't match image C:\Users\marcu\Desktop\spieleprogrammierung-ss2021\Game\Library\PackageCache\com.unity.visualscripting@1.6.1\Editor\VisualScripting.Core\Dependencies\DotNetZip\Unity.VisualScripting.IonicZip.dll
Native extension for WindowsStandalone target not found
Refreshing native plugins compatible for Editor in 12.71 ms, found 2 plugins.
Preloading 0 native plugins for Editor in 0.00 ms.
Mono: successfully reloaded assembly
- Completed reload, in  1.512 seconds
Platform modules already initialized, skipping
Refreshing native plugins compatible for Editor in 0.80 ms, found 2 plugins.
Preloading 0 native plugins for Editor in 0.00 ms.
Unloading 3367 Unused Serialized files (Serialized files now loaded: 0)
System memory in use before: 143.5 MB.
System memory in use after: 143.6 MB.

Unloading 17 unused Assets to reduce memory usage. Loaded Objects now: 4315.
Total: 3.703400 ms (FindLiveObjects: 0.305500 ms CreateObjectMapping: 0.183900 ms MarkObjects: 3.109800 ms  DeleteObjects: 0.103100 ms)

