Using pre-set license
Built from '2021.1/staging' branch; Version is '2021.1.7f1 (d91830b65d9b) revision 14227504'; Using compiler version '192528614'; Build Type 'Release'
OS: 'Windows 10 Home; OS build 19042.928; Version 2009; 64bit' Language: 'de' Physical Memory: 8151 MB
BatchMode: 1, IsHumanControllingUs: 0, StartBugReporterOnCrash: 0, Is64bit: 1, IsPro: 0

 COMMAND LINE ARGUMENTS:
D:\Verschiedenes\Microsoft VS Code\2021.1.7f1\Editor\Unity.exe
-adb2
-batchMode
-noUpm
-name
AssetImportWorker0
-projectPath
C:/Users/marcu/Desktop/spieleprogrammierung-ss2021/Game
-logFile
Logs/AssetImportWorker0.log
-srvPort
59289
Successfully changed project path to: C:/Users/marcu/Desktop/spieleprogrammierung-ss2021/Game
C:/Users/marcu/Desktop/spieleprogrammierung-ss2021/Game
Using Asset Import Pipeline V2.
Refreshing native plugins compatible for Editor in 103.29 ms, found 2 plugins.
Preloading 0 native plugins for Editor in 0.00 ms.
Initialize engine version: 2021.1.7f1 (d91830b65d9b)
[Subsystems] Discovering subsystems at path D:/Verschiedenes/Microsoft VS Code/2021.1.7f1/Editor/Data/Resources/UnitySubsystems
[Subsystems] Discovering subsystems at path C:/Users/marcu/Desktop/spieleprogrammierung-ss2021/Game/Assets
GfxDevice: creating device client; threaded=0; jobified=0
Direct3D:
    Version:  Direct3D 11.0 [level 11.1]
    Renderer: NVIDIA GeForce GTX 1070 (ID=0x1b81)
    Vendor:   NVIDIA
    VRAM:     8088 MB
    Driver:   27.21.14.5671
Initialize mono
Mono path[0] = 'D:/Verschiedenes/Microsoft VS Code/2021.1.7f1/Editor/Data/Managed'
Mono path[1] = 'D:/Verschiedenes/Microsoft VS Code/2021.1.7f1/Editor/Data/MonoBleedingEdge/lib/mono/unityjit'
Mono config path = 'D:/Verschiedenes/Microsoft VS Code/2021.1.7f1/Editor/Data/MonoBleedingEdge/etc'
Using monoOptions --debugger-agent=transport=dt_socket,embedding=1,server=y,suspend=n,address=127.0.0.1:56224
Begin MonoManager ReloadAssembly
Registering precompiled unity dll's ...
Register platform support module: D:/Verschiedenes/Microsoft VS Code/2021.1.7f1/Editor/Data/PlaybackEngines/WindowsStandaloneSupport/UnityEditor.WindowsStandalone.Extensions.dll
Registered in 0.001072 seconds.
Native extension for WindowsStandalone target not found
Refreshing native plugins compatible for Editor in 110.05 ms, found 2 plugins.
Preloading 0 native plugins for Editor in 0.00 ms.
Mono: successfully reloaded assembly
- Completed reload, in  1.140 seconds
Platform modules already initialized, skipping
Registering precompiled user dll's ...
Registered in 0.003650 seconds.
Begin MonoManager ReloadAssembly
Symbol file LoadedFromMemory doesn't match image C:\Users\marcu\Desktop\spieleprogrammierung-ss2021\Game\Library\PackageCache\com.unity.visualscripting@1.6.1\Editor\VisualScripting.Core\Dependencies\YamlDotNet\Unity.VisualScripting.YamlDotNet.dll
Symbol file LoadedFromMemory doesn't match image C:\Users\marcu\Desktop\spieleprogrammierung-ss2021\Game\Library\PackageCache\com.unity.visualscripting@1.6.1\Editor\VisualScripting.Core\Dependencies\DotNetZip\Unity.VisualScripting.IonicZip.dll
Native extension for WindowsStandalone target not found
Refreshing native plugins compatible for Editor in 113.99 ms, found 2 plugins.
Preloading 0 native plugins for Editor in 0.00 ms.
Mono: successfully reloaded assembly
- Completed reload, in  1.278 seconds
Platform modules already initialized, skipping
========================================================================
Worker process is ready to serve import requests
Launched and connected shader compiler UnityShaderCompiler.exe after 0.05 seconds
Refreshing native plugins compatible for Editor in 0.70 ms, found 2 plugins.
Preloading 0 native plugins for Editor in 0.00 ms.
Unloading 3372 Unused Serialized files (Serialized files now loaded: 0)
System memory in use before: 127.9 MB.
System memory in use after: 127.9 MB.

Unloading 28 unused Assets to reduce memory usage. Loaded Objects now: 3825.
Total: 2.536700 ms (FindLiveObjects: 0.262300 ms CreateObjectMapping: 0.213500 ms MarkObjects: 1.872600 ms  DeleteObjects: 0.187500 ms)

========================================================================
Received Import Request.
  path: Assets/Sprites/Top down character template by RgsDev/Character with pistol/attack
  artifactKey: Guid(5a89a6c594720844da6cef6d8404ae38) Importer(815301076,1909f56bfc062723c751e8b465ee728b)
Start importing Assets/Sprites/Top down character template by RgsDev/Character with pistol/attack using Guid(5a89a6c594720844da6cef6d8404ae38) Importer(815301076,1909f56bfc062723c751e8b465ee728b)  -> (artifact id: 'be21cb41d388c0572dcd83c0a73a9fe3') in 0.010435 seconds 
========================================================================
Received Import Request.
  Time since last request: 82.442308 seconds.
  path: Assets/Scripts/HealthSystem.cs
  artifactKey: Guid(b2a30e7955f393f44bad013085fd8807) Importer(815301076,1909f56bfc062723c751e8b465ee728b)
Start importing Assets/Scripts/HealthSystem.cs using Guid(b2a30e7955f393f44bad013085fd8807) Importer(815301076,1909f56bfc062723c751e8b465ee728b)  -> (artifact id: '1a0f5016befbc51bc87320d89496e286') in 0.067474 seconds 
========================================================================
Received Prepare
Registering precompiled user dll's ...
Registered in 0.002595 seconds.
Begin MonoManager ReloadAssembly
Symbol file LoadedFromMemory doesn't match image C:\Users\marcu\Desktop\spieleprogrammierung-ss2021\Game\Library\PackageCache\com.unity.visualscripting@1.6.1\Editor\VisualScripting.Core\Dependencies\YamlDotNet\Unity.VisualScripting.YamlDotNet.dll
Symbol file LoadedFromMemory doesn't match image C:\Users\marcu\Desktop\spieleprogrammierung-ss2021\Game\Library\PackageCache\com.unity.visualscripting@1.6.1\Editor\VisualScripting.Core\Dependencies\DotNetZip\Unity.VisualScripting.IonicZip.dll
Native extension for WindowsStandalone target not found
Refreshing native plugins compatible for Editor in 0.66 ms, found 2 plugins.
Preloading 0 native plugins for Editor in 0.00 ms.
Mono: successfully reloaded assembly
- Completed reload, in  1.330 seconds
Platform modules already initialized, skipping
Refreshing native plugins compatible for Editor in 0.70 ms, found 2 plugins.
Preloading 0 native plugins for Editor in 0.00 ms.
Unloading 3366 Unused Serialized files (Serialized files now loaded: 0)
System memory in use before: 127.9 MB.
System memory in use after: 128.0 MB.

Unloading 17 unused Assets to reduce memory usage. Loaded Objects now: 3828.
Total: 7.079600 ms (FindLiveObjects: 3.959400 ms CreateObjectMapping: 0.364900 ms MarkObjects: 2.640500 ms  DeleteObjects: 0.113500 ms)

========================================================================
Received Prepare
Registering precompiled user dll's ...
Registered in 0.002602 seconds.
Begin MonoManager ReloadAssembly
Symbol file LoadedFromMemory doesn't match image C:\Users\marcu\Desktop\spieleprogrammierung-ss2021\Game\Library\PackageCache\com.unity.visualscripting@1.6.1\Editor\VisualScripting.Core\Dependencies\YamlDotNet\Unity.VisualScripting.YamlDotNet.dll
Symbol file LoadedFromMemory doesn't match image C:\Users\marcu\Desktop\spieleprogrammierung-ss2021\Game\Library\PackageCache\com.unity.visualscripting@1.6.1\Editor\VisualScripting.Core\Dependencies\DotNetZip\Unity.VisualScripting.IonicZip.dll
Native extension for WindowsStandalone target not found
Refreshing native plugins compatible for Editor in 0.63 ms, found 2 plugins.
Preloading 0 native plugins for Editor in 0.00 ms.
Mono: successfully reloaded assembly
- Completed reload, in  1.072 seconds
Platform modules already initialized, skipping
Refreshing native plugins compatible for Editor in 0.76 ms, found 2 plugins.
Preloading 0 native plugins for Editor in 0.00 ms.
Unloading 3367 Unused Serialized files (Serialized files now loaded: 0)
System memory in use before: 127.9 MB.
System memory in use after: 128.0 MB.

Unloading 16 unused Assets to reduce memory usage. Loaded Objects now: 3833.
Total: 3.385300 ms (FindLiveObjects: 0.280900 ms CreateObjectMapping: 0.198500 ms MarkObjects: 2.803000 ms  DeleteObjects: 0.101500 ms)

========================================================================
Received Prepare
Registering precompiled user dll's ...
Registered in 0.002528 seconds.
Begin MonoManager ReloadAssembly
Symbol file LoadedFromMemory doesn't match image C:\Users\marcu\Desktop\spieleprogrammierung-ss2021\Game\Library\PackageCache\com.unity.visualscripting@1.6.1\Editor\VisualScripting.Core\Dependencies\YamlDotNet\Unity.VisualScripting.YamlDotNet.dll
Symbol file LoadedFromMemory doesn't match image C:\Users\marcu\Desktop\spieleprogrammierung-ss2021\Game\Library\PackageCache\com.unity.visualscripting@1.6.1\Editor\VisualScripting.Core\Dependencies\DotNetZip\Unity.VisualScripting.IonicZip.dll
Native extension for WindowsStandalone target not found
Refreshing native plugins compatible for Editor in 0.64 ms, found 2 plugins.
Preloading 0 native plugins for Editor in 0.00 ms.
Mono: successfully reloaded assembly
- Completed reload, in  1.072 seconds
Platform modules already initialized, skipping
Refreshing native plugins compatible for Editor in 0.70 ms, found 2 plugins.
Preloading 0 native plugins for Editor in 0.00 ms.
Unloading 3368 Unused Serialized files (Serialized files now loaded: 0)
System memory in use before: 128.0 MB.
System memory in use after: 128.1 MB.

Unloading 16 unused Assets to reduce memory usage. Loaded Objects now: 3838.
Total: 3.095200 ms (FindLiveObjects: 0.259800 ms CreateObjectMapping: 0.167000 ms MarkObjects: 2.572200 ms  DeleteObjects: 0.094900 ms)

========================================================================
Received Prepare
Registering precompiled user dll's ...
Registered in 0.002621 seconds.
Begin MonoManager ReloadAssembly
Symbol file LoadedFromMemory doesn't match image C:\Users\marcu\Desktop\spieleprogrammierung-ss2021\Game\Library\PackageCache\com.unity.visualscripting@1.6.1\Editor\VisualScripting.Core\Dependencies\YamlDotNet\Unity.VisualScripting.YamlDotNet.dll
Symbol file LoadedFromMemory doesn't match image C:\Users\marcu\Desktop\spieleprogrammierung-ss2021\Game\Library\PackageCache\com.unity.visualscripting@1.6.1\Editor\VisualScripting.Core\Dependencies\DotNetZip\Unity.VisualScripting.IonicZip.dll
Native extension for WindowsStandalone target not found
Refreshing native plugins compatible for Editor in 0.65 ms, found 2 plugins.
Preloading 0 native plugins for Editor in 0.00 ms.
Mono: successfully reloaded assembly
- Completed reload, in  1.080 seconds
Platform modules already initialized, skipping
Refreshing native plugins compatible for Editor in 0.64 ms, found 2 plugins.
Preloading 0 native plugins for Editor in 0.00 ms.
Unloading 3369 Unused Serialized files (Serialized files now loaded: 0)
System memory in use before: 128.0 MB.
System memory in use after: 128.1 MB.

Unloading 16 unused Assets to reduce memory usage. Loaded Objects now: 3843.
Total: 2.419000 ms (FindLiveObjects: 0.254900 ms CreateObjectMapping: 0.172400 ms MarkObjects: 1.899700 ms  DeleteObjects: 0.091000 ms)

========================================================================
Received Prepare
Registering precompiled user dll's ...
Registered in 0.002587 seconds.
Begin MonoManager ReloadAssembly
Symbol file LoadedFromMemory doesn't match image C:\Users\marcu\Desktop\spieleprogrammierung-ss2021\Game\Library\PackageCache\com.unity.visualscripting@1.6.1\Editor\VisualScripting.Core\Dependencies\YamlDotNet\Unity.VisualScripting.YamlDotNet.dll
Symbol file LoadedFromMemory doesn't match image C:\Users\marcu\Desktop\spieleprogrammierung-ss2021\Game\Library\PackageCache\com.unity.visualscripting@1.6.1\Editor\VisualScripting.Core\Dependencies\DotNetZip\Unity.VisualScripting.IonicZip.dll
Native extension for WindowsStandalone target not found
Refreshing native plugins compatible for Editor in 0.65 ms, found 2 plugins.
Preloading 0 native plugins for Editor in 0.00 ms.
Mono: successfully reloaded assembly
- Completed reload, in  1.090 seconds
Platform modules already initialized, skipping
Refreshing native plugins compatible for Editor in 1.10 ms, found 2 plugins.
Preloading 0 native plugins for Editor in 0.00 ms.
Unloading 3370 Unused Serialized files (Serialized files now loaded: 0)
System memory in use before: 128.0 MB.
System memory in use after: 128.1 MB.

Unloading 16 unused Assets to reduce memory usage. Loaded Objects now: 3848.
Total: 2.389600 ms (FindLiveObjects: 0.285200 ms CreateObjectMapping: 0.185300 ms MarkObjects: 1.824100 ms  DeleteObjects: 0.093900 ms)

========================================================================
Received Import Request.
  Time since last request: 201.366688 seconds.
  path: Assets/Movement.cs
  artifactKey: Guid(882736efd837c56448e5b1afe9a84990) Importer(815301076,1909f56bfc062723c751e8b465ee728b)
Start importing Assets/Movement.cs using Guid(882736efd837c56448e5b1afe9a84990) Importer(815301076,1909f56bfc062723c751e8b465ee728b)  -> (artifact id: '165fa49b4619ceb00018ae80cba58dc2') in 0.007173 seconds 
========================================================================
Received Import Request.
  Time since last request: 0.461688 seconds.
  path: Assets/Checks.cs
  artifactKey: Guid(2ed5be20bc7d8334998af020c398ecbe) Importer(815301076,1909f56bfc062723c751e8b465ee728b)
Start importing Assets/Checks.cs using Guid(2ed5be20bc7d8334998af020c398ecbe) Importer(815301076,1909f56bfc062723c751e8b465ee728b)  -> (artifact id: '0a68c4509306980249c55084d62cfc5b') in 0.002090 seconds 
========================================================================
Received Prepare
Registering precompiled user dll's ...
Registered in 0.002828 seconds.
Begin MonoManager ReloadAssembly
Symbol file LoadedFromMemory doesn't match image C:\Users\marcu\Desktop\spieleprogrammierung-ss2021\Game\Library\PackageCache\com.unity.visualscripting@1.6.1\Editor\VisualScripting.Core\Dependencies\YamlDotNet\Unity.VisualScripting.YamlDotNet.dll
Symbol file LoadedFromMemory doesn't match image C:\Users\marcu\Desktop\spieleprogrammierung-ss2021\Game\Library\PackageCache\com.unity.visualscripting@1.6.1\Editor\VisualScripting.Core\Dependencies\DotNetZip\Unity.VisualScripting.IonicZip.dll
Native extension for WindowsStandalone target not found
Refreshing native plugins compatible for Editor in 0.67 ms, found 2 plugins.
Preloading 0 native plugins for Editor in 0.00 ms.
Mono: successfully reloaded assembly
- Completed reload, in  1.054 seconds
Platform modules already initialized, skipping
Refreshing native plugins compatible for Editor in 0.63 ms, found 2 plugins.
Preloading 0 native plugins for Editor in 0.00 ms.
Unloading 3370 Unused Serialized files (Serialized files now loaded: 0)
System memory in use before: 128.1 MB.
System memory in use after: 128.2 MB.

Unloading 16 unused Assets to reduce memory usage. Loaded Objects now: 3852.
Total: 2.790400 ms (FindLiveObjects: 0.313900 ms CreateObjectMapping: 0.228400 ms MarkObjects: 2.147300 ms  DeleteObjects: 0.099400 ms)

========================================================================
Received Import Request.
  Time since last request: 14.772537 seconds.
  path: Assets/Scripts/Character
  artifactKey: Guid(2cf135e3c269dd741b7cc4c12a70b6ad) Importer(815301076,1909f56bfc062723c751e8b465ee728b)
Start importing Assets/Scripts/Character using Guid(2cf135e3c269dd741b7cc4c12a70b6ad) Importer(815301076,1909f56bfc062723c751e8b465ee728b)  -> (artifact id: 'e380742320e61e6f1be41825c5ac96fa') in 0.012123 seconds 
========================================================================
Received Prepare
Registering precompiled user dll's ...
Registered in 0.003424 seconds.
Begin MonoManager ReloadAssembly
Symbol file LoadedFromMemory doesn't match image C:\Users\marcu\Desktop\spieleprogrammierung-ss2021\Game\Library\PackageCache\com.unity.visualscripting@1.6.1\Editor\VisualScripting.Core\Dependencies\YamlDotNet\Unity.VisualScripting.YamlDotNet.dll
Symbol file LoadedFromMemory doesn't match image C:\Users\marcu\Desktop\spieleprogrammierung-ss2021\Game\Library\PackageCache\com.unity.visualscripting@1.6.1\Editor\VisualScripting.Core\Dependencies\DotNetZip\Unity.VisualScripting.IonicZip.dll
Native extension for WindowsStandalone target not found
Refreshing native plugins compatible for Editor in 1.11 ms, found 2 plugins.
Preloading 0 native plugins for Editor in 0.00 ms.
Mono: successfully reloaded assembly
- Completed reload, in  1.299 seconds
Platform modules already initialized, skipping
Refreshing native plugins compatible for Editor in 0.81 ms, found 2 plugins.
Preloading 0 native plugins for Editor in 0.00 ms.
Unloading 3370 Unused Serialized files (Serialized files now loaded: 0)
System memory in use before: 128.1 MB.
System memory in use after: 128.2 MB.

Unloading 16 unused Assets to reduce memory usage. Loaded Objects now: 3856.
Total: 2.436400 ms (FindLiveObjects: 0.248700 ms CreateObjectMapping: 0.157300 ms MarkObjects: 1.901300 ms  DeleteObjects: 0.128100 ms)

========================================================================
Received Import Request.
  Time since last request: 23.823281 seconds.
  path: Assets/Prefabs
  artifactKey: Guid(bdb4915eaa8e7d546af6b8de1ef65bd6) Importer(815301076,1909f56bfc062723c751e8b465ee728b)
Start importing Assets/Prefabs using Guid(bdb4915eaa8e7d546af6b8de1ef65bd6) Importer(815301076,1909f56bfc062723c751e8b465ee728b)  -> (artifact id: 'b0387e641290cb4bd42f4b41f054d29a') in 0.013111 seconds 
========================================================================
Received Import Request.
  Time since last request: 19.947446 seconds.
  path: Assets/Prefabs/CharacterTemplate.prefab
  artifactKey: Guid(bf3bfd915b21300429da04a7a84a687d) Importer(815301076,1909f56bfc062723c751e8b465ee728b)
Start importing Assets/Prefabs/CharacterTemplate.prefab using Guid(bf3bfd915b21300429da04a7a84a687d) Importer(815301076,1909f56bfc062723c751e8b465ee728b)  -> (artifact id: 'a87be1979725afac52431b388b4a1b5c') in 0.106411 seconds 
========================================================================
Received Import Request.
  Time since last request: 197.678407 seconds.
  path: Assets/Prefabs/CharacterTemplate.prefab
  artifactKey: Guid(bf3bfd915b21300429da04a7a84a687d) Importer(815301076,1909f56bfc062723c751e8b465ee728b)
Start importing Assets/Prefabs/CharacterTemplate.prefab using Guid(bf3bfd915b21300429da04a7a84a687d) Importer(815301076,1909f56bfc062723c751e8b465ee728b)  -> (artifact id: '987981a49001ab86cbdbdf75ca61f41c') in 0.010519 seconds 
========================================================================
Received Import Request.
  Time since last request: 10.668422 seconds.
  path: Assets/Sprites/Top down character template by RgsDev/death animation
  artifactKey: Guid(301fd59da8e84804a99138b5b127e768) Importer(815301076,1909f56bfc062723c751e8b465ee728b)
Start importing Assets/Sprites/Top down character template by RgsDev/death animation using Guid(301fd59da8e84804a99138b5b127e768) Importer(815301076,1909f56bfc062723c751e8b465ee728b)  -> (artifact id: '971e7021df4d203aa9762f452f4d826e') in 0.007139 seconds 
========================================================================
Received Import Request.
  Time since last request: 0.502677 seconds.
  path: Assets/Sprites/Top down character template by RgsDev/Character without weapon
  artifactKey: Guid(749b2f2eac1c16e4c812edb75b71e3f0) Importer(815301076,1909f56bfc062723c751e8b465ee728b)
Start importing Assets/Sprites/Top down character template by RgsDev/Character without weapon using Guid(749b2f2eac1c16e4c812edb75b71e3f0) Importer(815301076,1909f56bfc062723c751e8b465ee728b)  -> (artifact id: 'a83bcaacd09658b23b4c1e2cac302e77') in 0.006954 seconds 
========================================================================
Received Import Request.
  Time since last request: 0.711392 seconds.
  path: Assets/Sprites/Top down character template by RgsDev/Character with sword and shield
  artifactKey: Guid(612e4d93a1c223949889cecc3c78acef) Importer(815301076,1909f56bfc062723c751e8b465ee728b)
Start importing Assets/Sprites/Top down character template by RgsDev/Character with sword and shield using Guid(612e4d93a1c223949889cecc3c78acef) Importer(815301076,1909f56bfc062723c751e8b465ee728b)  -> (artifact id: '0729344bbc6b51356379d01c16b2d926') in 0.006706 seconds 
========================================================================
Received Import Request.
  Time since last request: 98.389089 seconds.
  path: Assets/Scripts/Character/Controller.cs
  artifactKey: Guid(fd1c4efdc9084254ba983fea5a476cb8) Importer(815301076,1909f56bfc062723c751e8b465ee728b)
Start importing Assets/Scripts/Character/Controller.cs using Guid(fd1c4efdc9084254ba983fea5a476cb8) Importer(815301076,1909f56bfc062723c751e8b465ee728b)  -> (artifact id: '42e9ea6995d68652c3b3ce058e023062') in 0.009701 seconds 
